<?xml version='1.1' encoding='UTF-8'?>
<result plugin="junit@1265.v65b_14fa_f12f0">
  <suites>
    <suite>
      <file>/var/jenkins_home/workspace/project2/temporary-junit-reports/TEST-0.xml</file>
      <name>MSTestSuite</name>
      <duration>0.0</duration>
      <startTime>-1</startTime>
      <properties/>
      <time>0</time>
      <enclosingBlocks/>
      <enclosingBlockNames/>
      <cases>
        <case>
          <duration>0.025593</duration>
          <startTime>-1</startTime>
          <className>Pi.Math.Tests.MachinFormulaTests</className>
          <testName>PiTo20Dp</testName>
          <skipped>false</skipped>
          <properties/>
          <failedSince>0</failedSince>
        </case>
        <case>
          <duration>4.55E-4</duration>
          <startTime>-1</startTime>
          <className>Pi.Math.Tests.MachinFormulaTests</className>
          <testName>PiTo6Dp</testName>
          <skipped>false</skipped>
          <properties/>
          <failedSince>0</failedSince>
        </case>
        <case>
          <duration>0.004181</duration>
          <startTime>-1</startTime>
          <className>Pi.Runtime.Tests.ArgumentsTests</className>
          <testName>Defaults</testName>
          <skipped>false</skipped>
          <properties/>
          <failedSince>0</failedSince>
        </case>
        <case>
          <duration>0.04703</duration>
          <startTime>-1</startTime>
          <className>Pi.Runtime.Tests.ArgumentsTests</className>
          <testName>DecimalPlaces</testName>
          <skipped>false</skipped>
          <properties/>
          <failedSince>0</failedSince>
        </case>
        <case>
          <duration>0.003149</duration>
          <startTime>-1</startTime>
          <className>Pi.Runtime.Tests.ArgumentsTests</className>
          <testName>Unknown</testName>
          <skipped>false</skipped>
          <properties/>
          <failedSince>0</failedSince>
        </case>
      </cases>
    </suite>
  </suites>
  <duration>0.0</duration>
  <skipOldReports>false</skipOldReports>
  <startTime>-1</startTime>
  <stdioRetention>NONE</stdioRetention>
  <keepProperties>false</keepProperties>
</result>